# JRE version: OpenJDK Runtime Environment (8.0_202-b03) (build 1.8.0_202-release-1483-b03)
# Java VM: OpenJDK 64-Bit Server VM (25.202-b03 mixed mode windows-amd64 compressed oops)
Heap:
 PSYoungGen      total 204288K, used 80233K [0x00000000e0000000, 0x00000000ee200000, 0x0000000100000000)
  eden space 184320K, 37% used [0x00000000e0000000,0x00000000e42db068,0x00000000eb400000)
  from space 19968K, 58% used [0x00000000ece80000,0x00000000ed9ff6a0,0x00000000ee200000)
  to   space 23552K, 0% used [0x00000000eb400000,0x00000000eb400000,0x00000000ecb00000)
 ParOldGen       total 103936K, used 67150K [0x00000000a0000000, 0x00000000a6580000, 0x00000000e0000000)
  object space 103936K, 64% used [0x00000000a0000000,0x00000000a41939f0,0x00000000a6580000)
 Metaspace       used 82828K, capacity 86236K, committed 86360K, reserved 1124352K
  class space    used 11157K, capacity 11833K, committed 11904K, reserved 1048576K
GC Heap History (10 events):
Event: 39.016 GC heap before
{Heap before GC invocations=19 (full 3):
 PSYoungGen      total 154112K, used 888K [0x00000000e0000000, 0x00000000eb180000, 0x0000000100000000)
  eden space 138752K, 0% used [0x00000000e0000000,0x00000000e0000000,0x00000000e8780000)
  from space 15360K, 5% used [0x00000000e9700000,0x00000000e97de358,0x00000000ea600000)
  to   space 15872K, 0% used [0x00000000e8780000,0x00000000e8780000,0x00000000e9700000)
 ParOldGen       total 68608K, used 40343K [0x00000000a0000000, 0x00000000a4300000, 0x00000000e0000000)
  object space 68608K, 58% used [0x00000000a0000000,0x00000000a2765e30,0x00000000a4300000)
 Metaspace       used 57465K, capacity 59038K, committed 59096K, reserved 1099776K
  class space    used 7759K, capacity 8145K, committed 8192K, reserved 1048576K
Event: 39.309 GC heap after
Heap after GC invocations=19 (full 3):
 PSYoungGen      total 154112K, used 0K [0x00000000e0000000, 0x00000000eb180000, 0x0000000100000000)
  eden space 138752K, 0% used [0x00000000e0000000,0x00000000e0000000,0x00000000e8780000)
  from space 15360K, 0% used [0x00000000e9700000,0x00000000e9700000,0x00000000ea600000)
  to   space 15872K, 0% used [0x00000000e8780000,0x00000000e8780000,0x00000000e9700000)
 ParOldGen       total 103936K, used 31562K [0x00000000a0000000, 0x00000000a6580000, 0x00000000e0000000)
  object space 103936K, 30% used [0x00000000a0000000,0x00000000a1ed2ac0,0x00000000a6580000)
 Metaspace       used 57465K, capacity 59038K, committed 59096K, reserved 1099776K
  class space    used 7759K, capacity 8145K, committed 8192K, reserved 1048576K
}
Event: 54.735 GC heap before
{Heap before GC invocations=20 (full 3):
 PSYoungGen      total 154112K, used 138752K [0x00000000e0000000, 0x00000000eb180000, 0x0000000100000000)
  eden space 138752K, 100% used [0x00000000e0000000,0x00000000e8780000,0x00000000e8780000)
  from space 15360K, 0% used [0x00000000e9700000,0x00000000e9700000,0x00000000ea600000)
  to   space 15872K, 0% used [0x00000000e8780000,0x00000000e8780000,0x00000000e9700000)
 ParOldGen       total 103936K, used 31562K [0x00000000a0000000, 0x00000000a6580000, 0x00000000e0000000)
  object space 103936K, 30% used [0x00000000a0000000,0x00000000a1ed2ac0,0x00000000a6580000)
 Metaspace       used 62234K, capacity 64188K, committed 64472K, reserved 1105920K
  class space    used 8411K, capacity 8878K, committed 8960K, reserved 1048576K
Event: 54.756 GC heap after
Heap after GC invocations=20 (full 3):
 PSYoungGen      total 154624K, used 12410K [0x00000000e0000000, 0x00000000ec400000, 0x0000000100000000)
  eden space 138752K, 0% used [0x00000000e0000000,0x00000000e0000000,0x00000000e8780000)
  from space 15872K, 78% used [0x00000000e8780000,0x00000000e939eb70,0x00000000e9700000)
  to   space 16896K, 0% used [0x00000000eb380000,0x00000000eb380000,0x00000000ec400000)
 ParOldGen       total 103936K, used 31570K [0x00000000a0000000, 0x00000000a6580000, 0x00000000e0000000)
  object space 103936K, 30% used [0x00000000a0000000,0x00000000a1ed4ac0,0x00000000a6580000)
 Metaspace       used 62234K, capacity 64188K, committed 64472K, reserved 1105920K
  class space    used 8411K, capacity 8878K, committed 8960K, reserved 1048576K
}
Event: 110.244 GC heap before
{Heap before GC invocations=21 (full 3):
 PSYoungGen      total 154624K, used 151162K [0x00000000e0000000, 0x00000000ec400000, 0x0000000100000000)
  eden space 138752K, 100% used [0x00000000e0000000,0x00000000e8780000,0x00000000e8780000)
  from space 15872K, 78% used [0x00000000e8780000,0x00000000e939eb70,0x00000000e9700000)
  to   space 16896K, 0% used [0x00000000eb380000,0x00000000eb380000,0x00000000ec400000)
 ParOldGen       total 103936K, used 31570K [0x00000000a0000000, 0x00000000a6580000, 0x00000000e0000000)
  object space 103936K, 30% used [0x00000000a0000000,0x00000000a1ed4ac0,0x00000000a6580000)
 Metaspace       used 67732K, capacity 69922K, committed 70232K, reserved 1110016K
  class space    used 9245K, capacity 9738K, committed 9856K, reserved 1048576K
Event: 110.273 GC heap after
Heap after GC invocations=21 (full 3):
 PSYoungGen      total 177664K, used 12272K [0x00000000e0000000, 0x00000000ec200000, 0x0000000100000000)
  eden space 162816K, 0% used [0x00000000e0000000,0x00000000e0000000,0x00000000e9f00000)
  from space 14848K, 82% used [0x00000000eb380000,0x00000000ebf7c2d8,0x00000000ec200000)
  to   space 17920K, 0% used [0x00000000e9f00000,0x00000000e9f00000,0x00000000eb080000)
 ParOldGen       total 103936K, used 40899K [0x00000000a0000000, 0x00000000a6580000, 0x00000000e0000000)
  object space 103936K, 39% used [0x00000000a0000000,0x00000000a27f0fd0,0x00000000a6580000)
 Metaspace       used 67732K, capacity 69922K, committed 70232K, reserved 1110016K
  class space    used 9245K, capacity 9738K, committed 9856K, reserved 1048576K
}
Event: 176.301 GC heap before
{Heap before GC invocations=22 (full 3):
 PSYoungGen      total 177664K, used 175088K [0x00000000e0000000, 0x00000000ec200000, 0x0000000100000000)
  eden space 162816K, 100% used [0x00000000e0000000,0x00000000e9f00000,0x00000000e9f00000)
  from space 14848K, 82% used [0x00000000eb380000,0x00000000ebf7c2d8,0x00000000ec200000)
  to   space 17920K, 0% used [0x00000000e9f00000,0x00000000e9f00000,0x00000000eb080000)
 ParOldGen       total 103936K, used 40899K [0x00000000a0000000, 0x00000000a6580000, 0x00000000e0000000)
  object space 103936K, 39% used [0x00000000a0000000,0x00000000a27f0fd0,0x00000000a6580000)
 Metaspace       used 76144K, capacity 79070K, committed 79320K, reserved 1118208K
  class space    used 10520K, capacity 11160K, committed 11264K, reserved 1048576K
Event: 176.360 GC heap after
Heap after GC invocations=22 (full 3):
 PSYoungGen      total 180736K, used 17904K [0x00000000e0000000, 0x00000000ee600000, 0x0000000100000000)
  eden space 162816K, 0% used [0x00000000e0000000,0x00000000e0000000,0x00000000e9f00000)
  from space 17920K, 99% used [0x00000000e9f00000,0x00000000eb07c0d0,0x00000000eb080000)
  to   space 24064K, 0% used [0x00000000ece80000,0x00000000ece80000,0x00000000ee600000)
 ParOldGen       total 103936K, used 50288K [0x00000000a0000000, 0x00000000a6580000, 0x00000000e0000000)
  object space 103936K, 48% used [0x00000000a0000000,0x00000000a311c0d8,0x00000000a6580000)
 Metaspace       used 76144K, capacity 79070K, committed 79320K, reserved 1118208K
  class space    used 10520K, capacity 11160K, committed 11264K, reserved 1048576K
}
Event: 247.354 GC heap before
{Heap before GC invocations=23 (full 3):
 PSYoungGen      total 180736K, used 180720K [0x00000000e0000000, 0x00000000ee600000, 0x0000000100000000)
  eden space 162816K, 100% used [0x00000000e0000000,0x00000000e9f00000,0x00000000e9f00000)
  from space 17920K, 99% used [0x00000000e9f00000,0x00000000eb07c0d0,0x00000000eb080000)
  to   space 24064K, 0% used [0x00000000ece80000,0x00000000ece80000,0x00000000ee600000)
 ParOldGen       total 103936K, used 50288K [0x00000000a0000000, 0x00000000a6580000, 0x00000000e0000000)
  object space 103936K, 48% used [0x00000000a0000000,0x00000000a311c0d8,0x00000000a6580000)
 Metaspace       used 82444K, capacity 85712K, committed 86104K, reserved 1124352K
  class space    used 11144K, capacity 11811K, committed 11904K, reserved 1048576K
Event: 247.503 GC heap after
Heap after GC invocations=23 (full 3):
 PSYoungGen      total 204288K, used 11773K [0x00000000e0000000, 0x00000000ee200000, 0x0000000100000000)
  eden space 184320K, 0% used [0x00000000e0000000,0x00000000e0000000,0x00000000eb400000)
  from space 19968K, 58% used [0x00000000ece80000,0x00000000ed9ff6a0,0x00000000ee200000)
  to   space 23552K, 0% used [0x00000000eb400000,0x00000000eb400000,0x00000000ecb00000)
 ParOldGen       total 103936K, used 67150K [0x00000000a0000000, 0x00000000a6580000, 0x00000000e0000000)
  object space 103936K, 64% used [0x00000000a0000000,0x00000000a41939f0,0x00000000a6580000)
 Metaspace       used 82444K, capacity 85712K, committed 86104K, reserved 1124352K
  class space    used 11144K, capacity 11811K, committed 11904K, reserved 1048576K
}

